<?xml version="1.0" encoding="UTF-8"?>
<testsuite name="TestGradle" tests="1" skipped="0" failures="0" errors="0" timestamp="2020-02-26T23:08:32" hostname="A-C02YG17BJHD3" time="0.001">
  <properties/>
  <testcase name="testGradle" classname="TestGradle" time="0.001"/>
  <system-out><![CDATA[]]></system-out>
  <system-err><![CDATA[]]></system-err>
</testsuite>
